<?xml version="1.0" encoding="UTF-8"?>
<testsuite xmlns:xsi="http://www.w3.org/2001/XMLSchema-instance" xsi:noNamespaceSchemaLocation="https://maven.apache.org/surefire/maven-surefire-plugin/xsd/surefire-test-report-3.0.xsd" version="3.0" name="com.apachec.MySpringBootApplicationTest" time="6.937" tests="1" errors="1" skipped="0" failures="0">
  <properties>
    <property name="sun.desktop" value="windows"/>
    <property name="awt.toolkit" value="sun.awt.windows.WToolkit"/>
    <property name="java.specification.version" value="11"/>
    <property name="sun.cpu.isalist" value="amd64"/>
    <property name="sun.jnu.encoding" value="Cp1252"/>
    <property name="java.class.path" value="C:\Users\PC - DESARROLLO\Documents\personal\apachec\target\test-classes;C:\Users\PC - DESARROLLO\Documents\personal\apachec\target\classes;C:\Users\PC - DESARROLLO\.m2\repository\org\springframework\boot\spring-boot-starter-web\2.7.0\spring-boot-starter-web-2.7.0.jar;C:\Users\PC - DESARROLLO\.m2\repository\org\springframework\boot\spring-boot-starter\2.7.0\spring-boot-starter-2.7.0.jar;C:\Users\PC - DESARROLLO\.m2\repository\org\springframework\boot\spring-boot\2.7.0\spring-boot-2.7.0.jar;C:\Users\PC - DESARROLLO\.m2\repository\org\springframework\boot\spring-boot-autoconfigure\2.7.0\spring-boot-autoconfigure-2.7.0.jar;C:\Users\PC - DESARROLLO\.m2\repository\org\springframework\boot\spring-boot-starter-logging\2.7.0\spring-boot-starter-logging-2.7.0.jar;C:\Users\PC - DESARROLLO\.m2\repository\ch\qos\logback\logback-classic\1.2.11\logback-classic-1.2.11.jar;C:\Users\PC - DESARROLLO\.m2\repository\ch\qos\logback\logback-core\1.2.11\logback-core-1.2.11.jar;C:\Users\PC - DESARROLLO\.m2\repository\org\apache\logging\log4j\log4j-to-slf4j\2.17.2\log4j-to-slf4j-2.17.2.jar;C:\Users\PC - DESARROLLO\.m2\repository\org\apache\logging\log4j\log4j-api\2.17.2\log4j-api-2.17.2.jar;C:\Users\PC - DESARROLLO\.m2\repository\org\slf4j\jul-to-slf4j\1.7.36\jul-to-slf4j-1.7.36.jar;C:\Users\PC - DESARROLLO\.m2\repository\jakarta\annotation\jakarta.annotation-api\1.3.5\jakarta.annotation-api-1.3.5.jar;C:\Users\PC - DESARROLLO\.m2\repository\org\yaml\snakeyaml\1.30\snakeyaml-1.30.jar;C:\Users\PC - DESARROLLO\.m2\repository\org\springframework\boot\spring-boot-starter-json\2.7.0\spring-boot-starter-json-2.7.0.jar;C:\Users\PC - DESARROLLO\.m2\repository\com\fasterxml\jackson\core\jackson-databind\2.13.3\jackson-databind-2.13.3.jar;C:\Users\PC - DESARROLLO\.m2\repository\com\fasterxml\jackson\core\jackson-core\2.13.3\jackson-core-2.13.3.jar;C:\Users\PC - DESARROLLO\.m2\repository\com\fasterxml\jackson\datatype\jackson-datatype-jdk8\2.13.3\jackson-datatype-jdk8-2.13.3.jar;C:\Users\PC - DESARROLLO\.m2\repository\com\fasterxml\jackson\datatype\jackson-datatype-jsr310\2.13.3\jackson-datatype-jsr310-2.13.3.jar;C:\Users\PC - DESARROLLO\.m2\repository\com\fasterxml\jackson\module\jackson-module-parameter-names\2.13.3\jackson-module-parameter-names-2.13.3.jar;C:\Users\PC - DESARROLLO\.m2\repository\org\springframework\spring-web\5.3.20\spring-web-5.3.20.jar;C:\Users\PC - DESARROLLO\.m2\repository\org\springframework\spring-beans\5.3.20\spring-beans-5.3.20.jar;C:\Users\PC - DESARROLLO\.m2\repository\org\springframework\spring-webmvc\5.3.20\spring-webmvc-5.3.20.jar;C:\Users\PC - DESARROLLO\.m2\repository\org\springframework\spring-aop\5.3.20\spring-aop-5.3.20.jar;C:\Users\PC - DESARROLLO\.m2\repository\org\springframework\spring-context\5.3.20\spring-context-5.3.20.jar;C:\Users\PC - DESARROLLO\.m2\repository\org\springframework\spring-expression\5.3.20\spring-expression-5.3.20.jar;C:\Users\PC - DESARROLLO\.m2\repository\org\springframework\boot\spring-boot-starter-undertow\2.7.0\spring-boot-starter-undertow-2.7.0.jar;C:\Users\PC - DESARROLLO\.m2\repository\io\undertow\undertow-core\2.2.17.Final\undertow-core-2.2.17.Final.jar;C:\Users\PC - DESARROLLO\.m2\repository\org\jboss\logging\jboss-logging\3.4.3.Final\jboss-logging-3.4.3.Final.jar;C:\Users\PC - DESARROLLO\.m2\repository\org\jboss\xnio\xnio-api\3.8.6.Final\xnio-api-3.8.6.Final.jar;C:\Users\PC - DESARROLLO\.m2\repository\org\wildfly\common\wildfly-common\1.5.4.Final\wildfly-common-1.5.4.Final.jar;C:\Users\PC - DESARROLLO\.m2\repository\org\wildfly\client\wildfly-client-config\1.0.1.Final\wildfly-client-config-1.0.1.Final.jar;C:\Users\PC - DESARROLLO\.m2\repository\org\jboss\xnio\xnio-nio\3.8.6.Final\xnio-nio-3.8.6.Final.jar;C:\Users\PC - DESARROLLO\.m2\repository\org\jboss\threads\jboss-threads\3.1.0.Final\jboss-threads-3.1.0.Final.jar;C:\Users\PC - DESARROLLO\.m2\repository\io\undertow\undertow-servlet\2.2.17.Final\undertow-servlet-2.2.17.Final.jar;C:\Users\PC - DESARROLLO\.m2\repository\io\undertow\undertow-websockets-jsr\2.2.17.Final\undertow-websockets-jsr-2.2.17.Final.jar;C:\Users\PC - DESARROLLO\.m2\repository\jakarta\servlet\jakarta.servlet-api\4.0.4\jakarta.servlet-api-4.0.4.jar;C:\Users\PC - DESARROLLO\.m2\repository\jakarta\websocket\jakarta.websocket-api\1.1.2\jakarta.websocket-api-1.1.2.jar;C:\Users\PC - DESARROLLO\.m2\repository\org\apache\tomcat\embed\tomcat-embed-el\9.0.63\tomcat-embed-el-9.0.63.jar;C:\Users\PC - DESARROLLO\.m2\repository\org\springframework\boot\spring-boot-starter-actuator\2.7.0\spring-boot-starter-actuator-2.7.0.jar;C:\Users\PC - DESARROLLO\.m2\repository\org\springframework\boot\spring-boot-actuator-autoconfigure\2.7.0\spring-boot-actuator-autoconfigure-2.7.0.jar;C:\Users\PC - DESARROLLO\.m2\repository\org\springframework\boot\spring-boot-actuator\2.7.0\spring-boot-actuator-2.7.0.jar;C:\Users\PC - DESARROLLO\.m2\repository\io\micrometer\micrometer-core\1.9.0\micrometer-core-1.9.0.jar;C:\Users\PC - DESARROLLO\.m2\repository\org\hdrhistogram\HdrHistogram\2.1.12\HdrHistogram-2.1.12.jar;C:\Users\PC - DESARROLLO\.m2\repository\org\latencyutils\LatencyUtils\2.0.3\LatencyUtils-2.0.3.jar;C:\Users\PC - DESARROLLO\.m2\repository\org\apache\camel\springboot\camel-spring-boot-starter\3.18.0\camel-spring-boot-starter-3.18.0.jar;C:\Users\PC - DESARROLLO\.m2\repository\org\apache\camel\springboot\camel-spring-boot\3.18.0\camel-spring-boot-3.18.0.jar;C:\Users\PC - DESARROLLO\.m2\repository\org\apache\camel\camel-spring\3.18.0\camel-spring-3.18.0.jar;C:\Users\PC - DESARROLLO\.m2\repository\org\apache\camel\camel-management-api\3.18.0\camel-management-api-3.18.0.jar;C:\Users\PC - DESARROLLO\.m2\repository\org\springframework\spring-tx\5.3.20\spring-tx-5.3.20.jar;C:\Users\PC - DESARROLLO\.m2\repository\org\apache\camel\camel-spring-main\3.18.0\camel-spring-main-3.18.0.jar;C:\Users\PC - DESARROLLO\.m2\repository\org\apache\camel\camel-main\3.18.0\camel-main-3.18.0.jar;C:\Users\PC - DESARROLLO\.m2\repository\org\apache\camel\camel-base\3.18.0\camel-base-3.18.0.jar;C:\Users\PC - DESARROLLO\.m2\repository\org\apache\camel\camel-util-json\3.18.0\camel-util-json-3.18.0.jar;C:\Users\PC - DESARROLLO\.m2\repository\org\apache\camel\camel-xml-jaxb-dsl\3.18.0\camel-xml-jaxb-dsl-3.18.0.jar;C:\Users\PC - DESARROLLO\.m2\repository\org\apache\camel\camel-dsl-support\3.18.0\camel-dsl-support-3.18.0.jar;C:\Users\PC - DESARROLLO\.m2\repository\org\apache\camel\camel-cloud\3.18.0\camel-cloud-3.18.0.jar;C:\Users\PC - DESARROLLO\.m2\repository\org\apache\camel\camel-core-model\3.18.0\camel-core-model-3.18.0.jar;C:\Users\PC - DESARROLLO\.m2\repository\org\apache\camel\camel-core-processor\3.18.0\camel-core-processor-3.18.0.jar;C:\Users\PC - DESARROLLO\.m2\repository\org\apache\camel\camel-cluster\3.18.0\camel-cluster-3.18.0.jar;C:\Users\PC - DESARROLLO\.m2\repository\org\apache\camel\camel-base-engine\3.18.0\camel-base-engine-3.18.0.jar;C:\Users\PC - DESARROLLO\.m2\repository\org\apache\camel\camel-health\3.18.0\camel-health-3.18.0.jar;C:\Users\PC - DESARROLLO\.m2\repository\org\apache\camel\springboot\camel-core-starter\3.18.0\camel-core-starter-3.18.0.jar;C:\Users\PC - DESARROLLO\.m2\repository\org\apache\camel\camel-core-engine\3.18.0\camel-core-engine-3.18.0.jar;C:\Users\PC - DESARROLLO\.m2\repository\org\apache\camel\camel-api\3.18.0\camel-api-3.18.0.jar;C:\Users\PC - DESARROLLO\.m2\repository\org\apache\camel\camel-core-reifier\3.18.0\camel-core-reifier-3.18.0.jar;C:\Users\PC - DESARROLLO\.m2\repository\org\apache\camel\camel-util\3.18.0\camel-util-3.18.0.jar;C:\Users\PC - DESARROLLO\.m2\repository\org\apache\camel\springboot\camel-bean-starter\3.18.0\camel-bean-starter-3.18.0.jar;C:\Users\PC - DESARROLLO\.m2\repository\org\apache\camel\camel-bean\3.18.0\camel-bean-3.18.0.jar;C:\Users\PC - DESARROLLO\.m2\repository\org\apache\camel\springboot\camel-browse-starter\3.18.0\camel-browse-starter-3.18.0.jar;C:\Users\PC - DESARROLLO\.m2\repository\org\apache\camel\camel-browse\3.18.0\camel-browse-3.18.0.jar;C:\Users\PC - DESARROLLO\.m2\repository\org\apache\camel\springboot\camel-controlbus-starter\3.18.0\camel-controlbus-starter-3.18.0.jar;C:\Users\PC - DESARROLLO\.m2\repository\org\apache\camel\camel-controlbus\3.18.0\camel-controlbus-3.18.0.jar;C:\Users\PC - DESARROLLO\.m2\repository\org\apache\camel\springboot\camel-dataformat-starter\3.18.0\camel-dataformat-starter-3.18.0.jar;C:\Users\PC - DESARROLLO\.m2\repository\org\apache\camel\camel-dataformat\3.18.0\camel-dataformat-3.18.0.jar;C:\Users\PC - DESARROLLO\.m2\repository\org\apache\camel\springboot\camel-dataset-starter\3.18.0\camel-dataset-starter-3.18.0.jar;C:\Users\PC - DESARROLLO\.m2\repository\org\apache\camel\camel-dataset\3.18.0\camel-dataset-3.18.0.jar;C:\Users\PC - DESARROLLO\.m2\repository\org\apache\camel\springboot\camel-direct-starter\3.18.0\camel-direct-starter-3.18.0.jar;C:\Users\PC - DESARROLLO\.m2\repository\org\apache\camel\camel-direct\3.18.0\camel-direct-3.18.0.jar;C:\Users\PC - DESARROLLO\.m2\repository\org\apache\camel\springboot\camel-directvm-starter\3.18.0\camel-directvm-starter-3.18.0.jar;C:\Users\PC - DESARROLLO\.m2\repository\org\apache\camel\camel-directvm\3.18.0\camel-directvm-3.18.0.jar;C:\Users\PC - DESARROLLO\.m2\repository\org\apache\camel\springboot\camel-file-starter\3.18.0\camel-file-starter-3.18.0.jar;C:\Users\PC - DESARROLLO\.m2\repository\org\apache\camel\camel-file\3.18.0\camel-file-3.18.0.jar;C:\Users\PC - DESARROLLO\.m2\repository\org\apache\camel\springboot\camel-language-starter\3.18.0\camel-language-starter-3.18.0.jar;C:\Users\PC - DESARROLLO\.m2\repository\org\apache\camel\camel-language\3.18.0\camel-language-3.18.0.jar;C:\Users\PC - DESARROLLO\.m2\repository\org\apache\camel\springboot\camel-log-starter\3.18.0\camel-log-starter-3.18.0.jar;C:\Users\PC - DESARROLLO\.m2\repository\org\apache\camel\camel-log\3.18.0\camel-log-3.18.0.jar;C:\Users\PC - DESARROLLO\.m2\repository\org\apache\camel\springboot\camel-mock-starter\3.18.0\camel-mock-starter-3.18.0.jar;C:\Users\PC - DESARROLLO\.m2\repository\org\apache\camel\camel-mock\3.18.0\camel-mock-3.18.0.jar;C:\Users\PC - DESARROLLO\.m2\repository\org\apache\camel\springboot\camel-ref-starter\3.18.0\camel-ref-starter-3.18.0.jar;C:\Users\PC - DESARROLLO\.m2\repository\org\apache\camel\camel-ref\3.18.0\camel-ref-3.18.0.jar;C:\Users\PC - DESARROLLO\.m2\repository\org\apache\camel\springboot\camel-rest-starter\3.18.0\camel-rest-starter-3.18.0.jar;C:\Users\PC - DESARROLLO\.m2\repository\org\apache\camel\camel-rest\3.18.0\camel-rest-3.18.0.jar;C:\Users\PC - DESARROLLO\.m2\repository\org\apache\camel\camel-tooling-model\3.18.0\camel-tooling-model-3.18.0.jar;C:\Users\PC - DESARROLLO\.m2\repository\org\apache\camel\springboot\camel-saga-starter\3.18.0\camel-saga-starter-3.18.0.jar;C:\Users\PC - DESARROLLO\.m2\repository\org\apache\camel\camel-saga\3.18.0\camel-saga-3.18.0.jar;C:\Users\PC - DESARROLLO\.m2\repository\org\apache\camel\springboot\camel-scheduler-starter\3.18.0\camel-scheduler-starter-3.18.0.jar;C:\Users\PC - DESARROLLO\.m2\repository\org\apache\camel\camel-scheduler\3.18.0\camel-scheduler-3.18.0.jar;C:\Users\PC - DESARROLLO\.m2\repository\org\apache\camel\springboot\camel-seda-starter\3.18.0\camel-seda-starter-3.18.0.jar;C:\Users\PC - DESARROLLO\.m2\repository\org\apache\camel\camel-seda\3.18.0\camel-seda-3.18.0.jar;C:\Users\PC - DESARROLLO\.m2\repository\org\apache\camel\springboot\camel-stub-starter\3.18.0\camel-stub-starter-3.18.0.jar;C:\Users\PC - DESARROLLO\.m2\repository\org\apache\camel\camel-stub\3.18.0\camel-stub-3.18.0.jar;C:\Users\PC - DESARROLLO\.m2\repository\org\apache\camel\springboot\camel-timer-starter\3.18.0\camel-timer-starter-3.18.0.jar;C:\Users\PC - DESARROLLO\.m2\repository\org\apache\camel\camel-timer\3.18.0\camel-timer-3.18.0.jar;C:\Users\PC - DESARROLLO\.m2\repository\org\apache\camel\springboot\camel-validator-starter\3.18.0\camel-validator-starter-3.18.0.jar;C:\Users\PC - DESARROLLO\.m2\repository\org\apache\camel\camel-validator\3.18.0\camel-validator-3.18.0.jar;C:\Users\PC - DESARROLLO\.m2\repository\org\apache\camel\springboot\camel-vm-starter\3.18.0\camel-vm-starter-3.18.0.jar;C:\Users\PC - DESARROLLO\.m2\repository\org\apache\camel\camel-vm\3.18.0\camel-vm-3.18.0.jar;C:\Users\PC - DESARROLLO\.m2\repository\org\apache\camel\springboot\camel-xpath-starter\3.18.0\camel-xpath-starter-3.18.0.jar;C:\Users\PC - DESARROLLO\.m2\repository\org\apache\camel\camel-xpath\3.18.0\camel-xpath-3.18.0.jar;C:\Users\PC - DESARROLLO\.m2\repository\org\apache\camel\springboot\camel-xslt-starter\3.18.0\camel-xslt-starter-3.18.0.jar;C:\Users\PC - DESARROLLO\.m2\repository\org\apache\camel\camel-xslt\3.18.0\camel-xslt-3.18.0.jar;C:\Users\PC - DESARROLLO\.m2\repository\org\apache\camel\springboot\camel-xml-jaxp-starter\3.18.0\camel-xml-jaxp-starter-3.18.0.jar;C:\Users\PC - DESARROLLO\.m2\repository\org\apache\camel\camel-xml-jaxp\3.18.0\camel-xml-jaxp-3.18.0.jar;C:\Users\PC - DESARROLLO\.m2\repository\org\apache\camel\camel-xml-io-util\3.18.0\camel-xml-io-util-3.18.0.jar;C:\Users\PC - DESARROLLO\.m2\repository\org\apache\camel\springboot\camel-stream-starter\3.18.0\camel-stream-starter-3.18.0.jar;C:\Users\PC - DESARROLLO\.m2\repository\org\apache\camel\camel-stream\3.18.0\camel-stream-3.18.0.jar;C:\Users\PC - DESARROLLO\.m2\repository\org\apache\camel\camel-support\3.18.0\camel-support-3.18.0.jar;C:\Users\PC - DESARROLLO\.m2\repository\org\springframework\boot\spring-boot-starter-test\2.7.0\spring-boot-starter-test-2.7.0.jar;C:\Users\PC - DESARROLLO\.m2\repository\org\springframework\boot\spring-boot-test\2.7.0\spring-boot-test-2.7.0.jar;C:\Users\PC - DESARROLLO\.m2\repository\org\springframework\boot\spring-boot-test-autoconfigure\2.7.0\spring-boot-test-autoconfigure-2.7.0.jar;C:\Users\PC - DESARROLLO\.m2\repository\com\jayway\jsonpath\json-path\2.7.0\json-path-2.7.0.jar;C:\Users\PC - DESARROLLO\.m2\repository\net\minidev\json-smart\2.4.8\json-smart-2.4.8.jar;C:\Users\PC - DESARROLLO\.m2\repository\net\minidev\accessors-smart\2.4.8\accessors-smart-2.4.8.jar;C:\Users\PC - DESARROLLO\.m2\repository\org\ow2\asm\asm\9.1\asm-9.1.jar;C:\Users\PC - DESARROLLO\.m2\repository\org\slf4j\slf4j-api\1.7.36\slf4j-api-1.7.36.jar;C:\Users\PC - DESARROLLO\.m2\repository\jakarta\xml\bind\jakarta.xml.bind-api\2.3.3\jakarta.xml.bind-api-2.3.3.jar;C:\Users\PC - DESARROLLO\.m2\repository\jakarta\activation\jakarta.activation-api\1.2.2\jakarta.activation-api-1.2.2.jar;C:\Users\PC - DESARROLLO\.m2\repository\org\assertj\assertj-core\3.22.0\assertj-core-3.22.0.jar;C:\Users\PC - DESARROLLO\.m2\repository\org\hamcrest\hamcrest\2.2\hamcrest-2.2.jar;C:\Users\PC - DESARROLLO\.m2\repository\org\junit\jupiter\junit-jupiter\5.8.2\junit-jupiter-5.8.2.jar;C:\Users\PC - DESARROLLO\.m2\repository\org\junit\jupiter\junit-jupiter-api\5.8.2\junit-jupiter-api-5.8.2.jar;C:\Users\PC - DESARROLLO\.m2\repository\org\opentest4j\opentest4j\1.2.0\opentest4j-1.2.0.jar;C:\Users\PC - DESARROLLO\.m2\repository\org\junit\platform\junit-platform-commons\1.8.2\junit-platform-commons-1.8.2.jar;C:\Users\PC - DESARROLLO\.m2\repository\org\apiguardian\apiguardian-api\1.1.2\apiguardian-api-1.1.2.jar;C:\Users\PC - DESARROLLO\.m2\repository\org\junit\jupiter\junit-jupiter-params\5.8.2\junit-jupiter-params-5.8.2.jar;C:\Users\PC - DESARROLLO\.m2\repository\org\junit\jupiter\junit-jupiter-engine\5.8.2\junit-jupiter-engine-5.8.2.jar;C:\Users\PC - DESARROLLO\.m2\repository\org\junit\platform\junit-platform-engine\1.8.2\junit-platform-engine-1.8.2.jar;C:\Users\PC - DESARROLLO\.m2\repository\org\mockito\mockito-core\4.5.1\mockito-core-4.5.1.jar;C:\Users\PC - DESARROLLO\.m2\repository\net\bytebuddy\byte-buddy\1.12.10\byte-buddy-1.12.10.jar;C:\Users\PC - DESARROLLO\.m2\repository\net\bytebuddy\byte-buddy-agent\1.12.10\byte-buddy-agent-1.12.10.jar;C:\Users\PC - DESARROLLO\.m2\repository\org\objenesis\objenesis\3.2\objenesis-3.2.jar;C:\Users\PC - DESARROLLO\.m2\repository\org\mockito\mockito-junit-jupiter\4.5.1\mockito-junit-jupiter-4.5.1.jar;C:\Users\PC - DESARROLLO\.m2\repository\org\skyscreamer\jsonassert\1.5.0\jsonassert-1.5.0.jar;C:\Users\PC - DESARROLLO\.m2\repository\com\vaadin\external\google\android-json\0.0.20131108.vaadin1\android-json-0.0.20131108.vaadin1.jar;C:\Users\PC - DESARROLLO\.m2\repository\org\springframework\spring-core\5.3.20\spring-core-5.3.20.jar;C:\Users\PC - DESARROLLO\.m2\repository\org\springframework\spring-jcl\5.3.20\spring-jcl-5.3.20.jar;C:\Users\PC - DESARROLLO\.m2\repository\org\springframework\spring-test\5.3.20\spring-test-5.3.20.jar;C:\Users\PC - DESARROLLO\.m2\repository\org\xmlunit\xmlunit-core\2.9.0\xmlunit-core-2.9.0.jar;C:\Users\PC - DESARROLLO\.m2\repository\org\apache\camel\camel-test-spring-junit5\3.18.0\camel-test-spring-junit5-3.18.0.jar;C:\Users\PC - DESARROLLO\.m2\repository\org\apache\camel\camel-test-junit5\3.18.0\camel-test-junit5-3.18.0.jar;C:\Users\PC - DESARROLLO\.m2\repository\org\apache\camel\camel-core-languages\3.18.0\camel-core-languages-3.18.0.jar;C:\Users\PC - DESARROLLO\.m2\repository\org\apache\camel\camel-spring-xml\3.18.0\camel-spring-xml-3.18.0.jar;C:\Users\PC - DESARROLLO\.m2\repository\org\apache\camel\camel-xml-jaxb\3.18.0\camel-xml-jaxb-3.18.0.jar;C:\Users\PC - DESARROLLO\.m2\repository\com\sun\xml\bind\jaxb-core\2.3.0\jaxb-core-2.3.0.jar;C:\Users\PC - DESARROLLO\.m2\repository\com\sun\xml\bind\jaxb-impl\2.3.3\jaxb-impl-2.3.3.jar;C:\Users\PC - DESARROLLO\.m2\repository\com\sun\activation\jakarta.activation\1.2.2\jakarta.activation-1.2.2.jar;C:\Users\PC - DESARROLLO\.m2\repository\org\apache\camel\camel-core-xml\3.18.0\camel-core-xml-3.18.0.jar;C:\Users\PC - DESARROLLO\.m2\repository\javax\annotation\javax.annotation-api\1.3.2\javax.annotation-api-1.3.2.jar;C:\Users\PC - DESARROLLO\.m2\repository\org\apache\camel\springboot\camel-openapi-java-starter\3.18.0\camel-openapi-java-starter-3.18.0.jar;C:\Users\PC - DESARROLLO\.m2\repository\org\apache\camel\camel-openapi-java\3.18.0\camel-openapi-java-3.18.0.jar;C:\Users\PC - DESARROLLO\.m2\repository\com\fasterxml\jackson\core\jackson-annotations\2.13.3\jackson-annotations-2.13.3.jar;C:\Users\PC - DESARROLLO\.m2\repository\com\fasterxml\jackson\datatype\jackson-datatype-joda\2.13.3\jackson-datatype-joda-2.13.3.jar;C:\Users\PC - DESARROLLO\.m2\repository\joda-time\joda-time\2.10.8\joda-time-2.10.8.jar;C:\Users\PC - DESARROLLO\.m2\repository\com\fasterxml\jackson\dataformat\jackson-dataformat-yaml\2.13.3\jackson-dataformat-yaml-2.13.3.jar;C:\Users\PC - DESARROLLO\.m2\repository\com\fasterxml\jackson\jaxrs\jackson-jaxrs-json-provider\2.13.3\jackson-jaxrs-json-provider-2.13.3.jar;C:\Users\PC - DESARROLLO\.m2\repository\com\fasterxml\jackson\jaxrs\jackson-jaxrs-base\2.13.3\jackson-jaxrs-base-2.13.3.jar;C:\Users\PC - DESARROLLO\.m2\repository\com\fasterxml\jackson\module\jackson-module-jaxb-annotations\2.13.3\jackson-module-jaxb-annotations-2.13.3.jar;C:\Users\PC - DESARROLLO\.m2\repository\io\apicurio\apicurio-data-models\1.1.20\apicurio-data-models-1.1.20.jar;C:\Users\PC - DESARROLLO\.m2\repository\io\swagger\core\v3\swagger-core\2.1.13\swagger-core-2.1.13.jar;C:\Users\PC - DESARROLLO\.m2\repository\org\apache\commons\commons-lang3\3.12.0\commons-lang3-3.12.0.jar;C:\Users\PC - DESARROLLO\.m2\repository\io\swagger\core\v3\swagger-annotations\2.1.13\swagger-annotations-2.1.13.jar;C:\Users\PC - DESARROLLO\.m2\repository\jakarta\validation\jakarta.validation-api\2.0.2\jakarta.validation-api-2.0.2.jar;C:\Users\PC - DESARROLLO\.m2\repository\io\swagger\parser\v3\swagger-parser-v3\2.0.31\swagger-parser-v3-2.0.31.jar;C:\Users\PC - DESARROLLO\.m2\repository\io\swagger\core\v3\swagger-models\2.1.13\swagger-models-2.1.13.jar;C:\Users\PC - DESARROLLO\.m2\repository\io\swagger\parser\v3\swagger-parser-core\2.0.31\swagger-parser-core-2.0.31.jar;C:\Users\PC - DESARROLLO\.m2\repository\commons-io\commons-io\2.11.0\commons-io-2.11.0.jar;"/>
    <property name="java.vm.vendor" value="Eclipse Adoptium"/>
    <property name="sun.arch.data.model" value="64"/>
    <property name="user.variant" value=""/>
    <property name="java.vendor.url" value="https://adoptium.net/"/>
    <property name="user.timezone" value="America/Guayaquil"/>
    <property name="java.vm.specification.version" value="11"/>
    <property name="os.name" value="Windows 10"/>
    <property name="sun.java.launcher" value="SUN_STANDARD"/>
    <property name="user.country" value="EC"/>
    <property name="sun.boot.library.path" value="C:\Program Files\Eclipse Adoptium\jdk-11.0.21.9-hotspot\bin"/>
    <property name="sun.java.command" value="C:\Users\PC - DESARROLLO\AppData\Local\Temp\surefire13038481148854757360\surefirebooter2613997917007928390.jar C:\Users\PC - DESARROLLO\AppData\Local\Temp\surefire13038481148854757360 2024-02-01T12-11-03_202-jvmRun1 surefire13897313806560632520tmp surefire_016565343933763800291tmp"/>
    <property name="jdk.debug" value="release"/>
    <property name="surefire.test.class.path" value="C:\Users\PC - DESARROLLO\Documents\personal\apachec\target\test-classes;C:\Users\PC - DESARROLLO\Documents\personal\apachec\target\classes;C:\Users\PC - DESARROLLO\.m2\repository\org\springframework\boot\spring-boot-starter-web\2.7.0\spring-boot-starter-web-2.7.0.jar;C:\Users\PC - DESARROLLO\.m2\repository\org\springframework\boot\spring-boot-starter\2.7.0\spring-boot-starter-2.7.0.jar;C:\Users\PC - DESARROLLO\.m2\repository\org\springframework\boot\spring-boot\2.7.0\spring-boot-2.7.0.jar;C:\Users\PC - DESARROLLO\.m2\repository\org\springframework\boot\spring-boot-autoconfigure\2.7.0\spring-boot-autoconfigure-2.7.0.jar;C:\Users\PC - DESARROLLO\.m2\repository\org\springframework\boot\spring-boot-starter-logging\2.7.0\spring-boot-starter-logging-2.7.0.jar;C:\Users\PC - DESARROLLO\.m2\repository\ch\qos\logback\logback-classic\1.2.11\logback-classic-1.2.11.jar;C:\Users\PC - DESARROLLO\.m2\repository\ch\qos\logback\logback-core\1.2.11\logback-core-1.2.11.jar;C:\Users\PC - DESARROLLO\.m2\repository\org\apache\logging\log4j\log4j-to-slf4j\2.17.2\log4j-to-slf4j-2.17.2.jar;C:\Users\PC - DESARROLLO\.m2\repository\org\apache\logging\log4j\log4j-api\2.17.2\log4j-api-2.17.2.jar;C:\Users\PC - DESARROLLO\.m2\repository\org\slf4j\jul-to-slf4j\1.7.36\jul-to-slf4j-1.7.36.jar;C:\Users\PC - DESARROLLO\.m2\repository\jakarta\annotation\jakarta.annotation-api\1.3.5\jakarta.annotation-api-1.3.5.jar;C:\Users\PC - DESARROLLO\.m2\repository\org\yaml\snakeyaml\1.30\snakeyaml-1.30.jar;C:\Users\PC - DESARROLLO\.m2\repository\org\springframework\boot\spring-boot-starter-json\2.7.0\spring-boot-starter-json-2.7.0.jar;C:\Users\PC - DESARROLLO\.m2\repository\com\fasterxml\jackson\core\jackson-databind\2.13.3\jackson-databind-2.13.3.jar;C:\Users\PC - DESARROLLO\.m2\repository\com\fasterxml\jackson\core\jackson-core\2.13.3\jackson-core-2.13.3.jar;C:\Users\PC - DESARROLLO\.m2\repository\com\fasterxml\jackson\datatype\jackson-datatype-jdk8\2.13.3\jackson-datatype-jdk8-2.13.3.jar;C:\Users\PC - DESARROLLO\.m2\repository\com\fasterxml\jackson\datatype\jackson-datatype-jsr310\2.13.3\jackson-datatype-jsr310-2.13.3.jar;C:\Users\PC - DESARROLLO\.m2\repository\com\fasterxml\jackson\module\jackson-module-parameter-names\2.13.3\jackson-module-parameter-names-2.13.3.jar;C:\Users\PC - DESARROLLO\.m2\repository\org\springframework\spring-web\5.3.20\spring-web-5.3.20.jar;C:\Users\PC - DESARROLLO\.m2\repository\org\springframework\spring-beans\5.3.20\spring-beans-5.3.20.jar;C:\Users\PC - DESARROLLO\.m2\repository\org\springframework\spring-webmvc\5.3.20\spring-webmvc-5.3.20.jar;C:\Users\PC - DESARROLLO\.m2\repository\org\springframework\spring-aop\5.3.20\spring-aop-5.3.20.jar;C:\Users\PC - DESARROLLO\.m2\repository\org\springframework\spring-context\5.3.20\spring-context-5.3.20.jar;C:\Users\PC - DESARROLLO\.m2\repository\org\springframework\spring-expression\5.3.20\spring-expression-5.3.20.jar;C:\Users\PC - DESARROLLO\.m2\repository\org\springframework\boot\spring-boot-starter-undertow\2.7.0\spring-boot-starter-undertow-2.7.0.jar;C:\Users\PC - DESARROLLO\.m2\repository\io\undertow\undertow-core\2.2.17.Final\undertow-core-2.2.17.Final.jar;C:\Users\PC - DESARROLLO\.m2\repository\org\jboss\logging\jboss-logging\3.4.3.Final\jboss-logging-3.4.3.Final.jar;C:\Users\PC - DESARROLLO\.m2\repository\org\jboss\xnio\xnio-api\3.8.6.Final\xnio-api-3.8.6.Final.jar;C:\Users\PC - DESARROLLO\.m2\repository\org\wildfly\common\wildfly-common\1.5.4.Final\wildfly-common-1.5.4.Final.jar;C:\Users\PC - DESARROLLO\.m2\repository\org\wildfly\client\wildfly-client-config\1.0.1.Final\wildfly-client-config-1.0.1.Final.jar;C:\Users\PC - DESARROLLO\.m2\repository\org\jboss\xnio\xnio-nio\3.8.6.Final\xnio-nio-3.8.6.Final.jar;C:\Users\PC - DESARROLLO\.m2\repository\org\jboss\threads\jboss-threads\3.1.0.Final\jboss-threads-3.1.0.Final.jar;C:\Users\PC - DESARROLLO\.m2\repository\io\undertow\undertow-servlet\2.2.17.Final\undertow-servlet-2.2.17.Final.jar;C:\Users\PC - DESARROLLO\.m2\repository\io\undertow\undertow-websockets-jsr\2.2.17.Final\undertow-websockets-jsr-2.2.17.Final.jar;C:\Users\PC - DESARROLLO\.m2\repository\jakarta\servlet\jakarta.servlet-api\4.0.4\jakarta.servlet-api-4.0.4.jar;C:\Users\PC - DESARROLLO\.m2\repository\jakarta\websocket\jakarta.websocket-api\1.1.2\jakarta.websocket-api-1.1.2.jar;C:\Users\PC - DESARROLLO\.m2\repository\org\apache\tomcat\embed\tomcat-embed-el\9.0.63\tomcat-embed-el-9.0.63.jar;C:\Users\PC - DESARROLLO\.m2\repository\org\springframework\boot\spring-boot-starter-actuator\2.7.0\spring-boot-starter-actuator-2.7.0.jar;C:\Users\PC - DESARROLLO\.m2\repository\org\springframework\boot\spring-boot-actuator-autoconfigure\2.7.0\spring-boot-actuator-autoconfigure-2.7.0.jar;C:\Users\PC - DESARROLLO\.m2\repository\org\springframework\boot\spring-boot-actuator\2.7.0\spring-boot-actuator-2.7.0.jar;C:\Users\PC - DESARROLLO\.m2\repository\io\micrometer\micrometer-core\1.9.0\micrometer-core-1.9.0.jar;C:\Users\PC - DESARROLLO\.m2\repository\org\hdrhistogram\HdrHistogram\2.1.12\HdrHistogram-2.1.12.jar;C:\Users\PC - DESARROLLO\.m2\repository\org\latencyutils\LatencyUtils\2.0.3\LatencyUtils-2.0.3.jar;C:\Users\PC - DESARROLLO\.m2\repository\org\apache\camel\springboot\camel-spring-boot-starter\3.18.0\camel-spring-boot-starter-3.18.0.jar;C:\Users\PC - DESARROLLO\.m2\repository\org\apache\camel\springboot\camel-spring-boot\3.18.0\camel-spring-boot-3.18.0.jar;C:\Users\PC - DESARROLLO\.m2\repository\org\apache\camel\camel-spring\3.18.0\camel-spring-3.18.0.jar;C:\Users\PC - DESARROLLO\.m2\repository\org\apache\camel\camel-management-api\3.18.0\camel-management-api-3.18.0.jar;C:\Users\PC - DESARROLLO\.m2\repository\org\springframework\spring-tx\5.3.20\spring-tx-5.3.20.jar;C:\Users\PC - DESARROLLO\.m2\repository\org\apache\camel\camel-spring-main\3.18.0\camel-spring-main-3.18.0.jar;C:\Users\PC - DESARROLLO\.m2\repository\org\apache\camel\camel-main\3.18.0\camel-main-3.18.0.jar;C:\Users\PC - DESARROLLO\.m2\repository\org\apache\camel\camel-base\3.18.0\camel-base-3.18.0.jar;C:\Users\PC - DESARROLLO\.m2\repository\org\apache\camel\camel-util-json\3.18.0\camel-util-json-3.18.0.jar;C:\Users\PC - DESARROLLO\.m2\repository\org\apache\camel\camel-xml-jaxb-dsl\3.18.0\camel-xml-jaxb-dsl-3.18.0.jar;C:\Users\PC - DESARROLLO\.m2\repository\org\apache\camel\camel-dsl-support\3.18.0\camel-dsl-support-3.18.0.jar;C:\Users\PC - DESARROLLO\.m2\repository\org\apache\camel\camel-cloud\3.18.0\camel-cloud-3.18.0.jar;C:\Users\PC - DESARROLLO\.m2\repository\org\apache\camel\camel-core-model\3.18.0\camel-core-model-3.18.0.jar;C:\Users\PC - DESARROLLO\.m2\repository\org\apache\camel\camel-core-processor\3.18.0\camel-core-processor-3.18.0.jar;C:\Users\PC - DESARROLLO\.m2\repository\org\apache\camel\camel-cluster\3.18.0\camel-cluster-3.18.0.jar;C:\Users\PC - DESARROLLO\.m2\repository\org\apache\camel\camel-base-engine\3.18.0\camel-base-engine-3.18.0.jar;C:\Users\PC - DESARROLLO\.m2\repository\org\apache\camel\camel-health\3.18.0\camel-health-3.18.0.jar;C:\Users\PC - DESARROLLO\.m2\repository\org\apache\camel\springboot\camel-core-starter\3.18.0\camel-core-starter-3.18.0.jar;C:\Users\PC - DESARROLLO\.m2\repository\org\apache\camel\camel-core-engine\3.18.0\camel-core-engine-3.18.0.jar;C:\Users\PC - DESARROLLO\.m2\repository\org\apache\camel\camel-api\3.18.0\camel-api-3.18.0.jar;C:\Users\PC - DESARROLLO\.m2\repository\org\apache\camel\camel-core-reifier\3.18.0\camel-core-reifier-3.18.0.jar;C:\Users\PC - DESARROLLO\.m2\repository\org\apache\camel\camel-util\3.18.0\camel-util-3.18.0.jar;C:\Users\PC - DESARROLLO\.m2\repository\org\apache\camel\springboot\camel-bean-starter\3.18.0\camel-bean-starter-3.18.0.jar;C:\Users\PC - DESARROLLO\.m2\repository\org\apache\camel\camel-bean\3.18.0\camel-bean-3.18.0.jar;C:\Users\PC - DESARROLLO\.m2\repository\org\apache\camel\springboot\camel-browse-starter\3.18.0\camel-browse-starter-3.18.0.jar;C:\Users\PC - DESARROLLO\.m2\repository\org\apache\camel\camel-browse\3.18.0\camel-browse-3.18.0.jar;C:\Users\PC - DESARROLLO\.m2\repository\org\apache\camel\springboot\camel-controlbus-starter\3.18.0\camel-controlbus-starter-3.18.0.jar;C:\Users\PC - DESARROLLO\.m2\repository\org\apache\camel\camel-controlbus\3.18.0\camel-controlbus-3.18.0.jar;C:\Users\PC - DESARROLLO\.m2\repository\org\apache\camel\springboot\camel-dataformat-starter\3.18.0\camel-dataformat-starter-3.18.0.jar;C:\Users\PC - DESARROLLO\.m2\repository\org\apache\camel\camel-dataformat\3.18.0\camel-dataformat-3.18.0.jar;C:\Users\PC - DESARROLLO\.m2\repository\org\apache\camel\springboot\camel-dataset-starter\3.18.0\camel-dataset-starter-3.18.0.jar;C:\Users\PC - DESARROLLO\.m2\repository\org\apache\camel\camel-dataset\3.18.0\camel-dataset-3.18.0.jar;C:\Users\PC - DESARROLLO\.m2\repository\org\apache\camel\springboot\camel-direct-starter\3.18.0\camel-direct-starter-3.18.0.jar;C:\Users\PC - DESARROLLO\.m2\repository\org\apache\camel\camel-direct\3.18.0\camel-direct-3.18.0.jar;C:\Users\PC - DESARROLLO\.m2\repository\org\apache\camel\springboot\camel-directvm-starter\3.18.0\camel-directvm-starter-3.18.0.jar;C:\Users\PC - DESARROLLO\.m2\repository\org\apache\camel\camel-directvm\3.18.0\camel-directvm-3.18.0.jar;C:\Users\PC - DESARROLLO\.m2\repository\org\apache\camel\springboot\camel-file-starter\3.18.0\camel-file-starter-3.18.0.jar;C:\Users\PC - DESARROLLO\.m2\repository\org\apache\camel\camel-file\3.18.0\camel-file-3.18.0.jar;C:\Users\PC - DESARROLLO\.m2\repository\org\apache\camel\springboot\camel-language-starter\3.18.0\camel-language-starter-3.18.0.jar;C:\Users\PC - DESARROLLO\.m2\repository\org\apache\camel\camel-language\3.18.0\camel-language-3.18.0.jar;C:\Users\PC - DESARROLLO\.m2\repository\org\apache\camel\springboot\camel-log-starter\3.18.0\camel-log-starter-3.18.0.jar;C:\Users\PC - DESARROLLO\.m2\repository\org\apache\camel\camel-log\3.18.0\camel-log-3.18.0.jar;C:\Users\PC - DESARROLLO\.m2\repository\org\apache\camel\springboot\camel-mock-starter\3.18.0\camel-mock-starter-3.18.0.jar;C:\Users\PC - DESARROLLO\.m2\repository\org\apache\camel\camel-mock\3.18.0\camel-mock-3.18.0.jar;C:\Users\PC - DESARROLLO\.m2\repository\org\apache\camel\springboot\camel-ref-starter\3.18.0\camel-ref-starter-3.18.0.jar;C:\Users\PC - DESARROLLO\.m2\repository\org\apache\camel\camel-ref\3.18.0\camel-ref-3.18.0.jar;C:\Users\PC - DESARROLLO\.m2\repository\org\apache\camel\springboot\camel-rest-starter\3.18.0\camel-rest-starter-3.18.0.jar;C:\Users\PC - DESARROLLO\.m2\repository\org\apache\camel\camel-rest\3.18.0\camel-rest-3.18.0.jar;C:\Users\PC - DESARROLLO\.m2\repository\org\apache\camel\camel-tooling-model\3.18.0\camel-tooling-model-3.18.0.jar;C:\Users\PC - DESARROLLO\.m2\repository\org\apache\camel\springboot\camel-saga-starter\3.18.0\camel-saga-starter-3.18.0.jar;C:\Users\PC - DESARROLLO\.m2\repository\org\apache\camel\camel-saga\3.18.0\camel-saga-3.18.0.jar;C:\Users\PC - DESARROLLO\.m2\repository\org\apache\camel\springboot\camel-scheduler-starter\3.18.0\camel-scheduler-starter-3.18.0.jar;C:\Users\PC - DESARROLLO\.m2\repository\org\apache\camel\camel-scheduler\3.18.0\camel-scheduler-3.18.0.jar;C:\Users\PC - DESARROLLO\.m2\repository\org\apache\camel\springboot\camel-seda-starter\3.18.0\camel-seda-starter-3.18.0.jar;C:\Users\PC - DESARROLLO\.m2\repository\org\apache\camel\camel-seda\3.18.0\camel-seda-3.18.0.jar;C:\Users\PC - DESARROLLO\.m2\repository\org\apache\camel\springboot\camel-stub-starter\3.18.0\camel-stub-starter-3.18.0.jar;C:\Users\PC - DESARROLLO\.m2\repository\org\apache\camel\camel-stub\3.18.0\camel-stub-3.18.0.jar;C:\Users\PC - DESARROLLO\.m2\repository\org\apache\camel\springboot\camel-timer-starter\3.18.0\camel-timer-starter-3.18.0.jar;C:\Users\PC - DESARROLLO\.m2\repository\org\apache\camel\camel-timer\3.18.0\camel-timer-3.18.0.jar;C:\Users\PC - DESARROLLO\.m2\repository\org\apache\camel\springboot\camel-validator-starter\3.18.0\camel-validator-starter-3.18.0.jar;C:\Users\PC - DESARROLLO\.m2\repository\org\apache\camel\camel-validator\3.18.0\camel-validator-3.18.0.jar;C:\Users\PC - DESARROLLO\.m2\repository\org\apache\camel\springboot\camel-vm-starter\3.18.0\camel-vm-starter-3.18.0.jar;C:\Users\PC - DESARROLLO\.m2\repository\org\apache\camel\camel-vm\3.18.0\camel-vm-3.18.0.jar;C:\Users\PC - DESARROLLO\.m2\repository\org\apache\camel\springboot\camel-xpath-starter\3.18.0\camel-xpath-starter-3.18.0.jar;C:\Users\PC - DESARROLLO\.m2\repository\org\apache\camel\camel-xpath\3.18.0\camel-xpath-3.18.0.jar;C:\Users\PC - DESARROLLO\.m2\repository\org\apache\camel\springboot\camel-xslt-starter\3.18.0\camel-xslt-starter-3.18.0.jar;C:\Users\PC - DESARROLLO\.m2\repository\org\apache\camel\camel-xslt\3.18.0\camel-xslt-3.18.0.jar;C:\Users\PC - DESARROLLO\.m2\repository\org\apache\camel\springboot\camel-xml-jaxp-starter\3.18.0\camel-xml-jaxp-starter-3.18.0.jar;C:\Users\PC - DESARROLLO\.m2\repository\org\apache\camel\camel-xml-jaxp\3.18.0\camel-xml-jaxp-3.18.0.jar;C:\Users\PC - DESARROLLO\.m2\repository\org\apache\camel\camel-xml-io-util\3.18.0\camel-xml-io-util-3.18.0.jar;C:\Users\PC - DESARROLLO\.m2\repository\org\apache\camel\springboot\camel-stream-starter\3.18.0\camel-stream-starter-3.18.0.jar;C:\Users\PC - DESARROLLO\.m2\repository\org\apache\camel\camel-stream\3.18.0\camel-stream-3.18.0.jar;C:\Users\PC - DESARROLLO\.m2\repository\org\apache\camel\camel-support\3.18.0\camel-support-3.18.0.jar;C:\Users\PC - DESARROLLO\.m2\repository\org\springframework\boot\spring-boot-starter-test\2.7.0\spring-boot-starter-test-2.7.0.jar;C:\Users\PC - DESARROLLO\.m2\repository\org\springframework\boot\spring-boot-test\2.7.0\spring-boot-test-2.7.0.jar;C:\Users\PC - DESARROLLO\.m2\repository\org\springframework\boot\spring-boot-test-autoconfigure\2.7.0\spring-boot-test-autoconfigure-2.7.0.jar;C:\Users\PC - DESARROLLO\.m2\repository\com\jayway\jsonpath\json-path\2.7.0\json-path-2.7.0.jar;C:\Users\PC - DESARROLLO\.m2\repository\net\minidev\json-smart\2.4.8\json-smart-2.4.8.jar;C:\Users\PC - DESARROLLO\.m2\repository\net\minidev\accessors-smart\2.4.8\accessors-smart-2.4.8.jar;C:\Users\PC - DESARROLLO\.m2\repository\org\ow2\asm\asm\9.1\asm-9.1.jar;C:\Users\PC - DESARROLLO\.m2\repository\org\slf4j\slf4j-api\1.7.36\slf4j-api-1.7.36.jar;C:\Users\PC - DESARROLLO\.m2\repository\jakarta\xml\bind\jakarta.xml.bind-api\2.3.3\jakarta.xml.bind-api-2.3.3.jar;C:\Users\PC - DESARROLLO\.m2\repository\jakarta\activation\jakarta.activation-api\1.2.2\jakarta.activation-api-1.2.2.jar;C:\Users\PC - DESARROLLO\.m2\repository\org\assertj\assertj-core\3.22.0\assertj-core-3.22.0.jar;C:\Users\PC - DESARROLLO\.m2\repository\org\hamcrest\hamcrest\2.2\hamcrest-2.2.jar;C:\Users\PC - DESARROLLO\.m2\repository\org\junit\jupiter\junit-jupiter\5.8.2\junit-jupiter-5.8.2.jar;C:\Users\PC - DESARROLLO\.m2\repository\org\junit\jupiter\junit-jupiter-api\5.8.2\junit-jupiter-api-5.8.2.jar;C:\Users\PC - DESARROLLO\.m2\repository\org\opentest4j\opentest4j\1.2.0\opentest4j-1.2.0.jar;C:\Users\PC - DESARROLLO\.m2\repository\org\junit\platform\junit-platform-commons\1.8.2\junit-platform-commons-1.8.2.jar;C:\Users\PC - DESARROLLO\.m2\repository\org\apiguardian\apiguardian-api\1.1.2\apiguardian-api-1.1.2.jar;C:\Users\PC - DESARROLLO\.m2\repository\org\junit\jupiter\junit-jupiter-params\5.8.2\junit-jupiter-params-5.8.2.jar;C:\Users\PC - DESARROLLO\.m2\repository\org\junit\jupiter\junit-jupiter-engine\5.8.2\junit-jupiter-engine-5.8.2.jar;C:\Users\PC - DESARROLLO\.m2\repository\org\junit\platform\junit-platform-engine\1.8.2\junit-platform-engine-1.8.2.jar;C:\Users\PC - DESARROLLO\.m2\repository\org\mockito\mockito-core\4.5.1\mockito-core-4.5.1.jar;C:\Users\PC - DESARROLLO\.m2\repository\net\bytebuddy\byte-buddy\1.12.10\byte-buddy-1.12.10.jar;C:\Users\PC - DESARROLLO\.m2\repository\net\bytebuddy\byte-buddy-agent\1.12.10\byte-buddy-agent-1.12.10.jar;C:\Users\PC - DESARROLLO\.m2\repository\org\objenesis\objenesis\3.2\objenesis-3.2.jar;C:\Users\PC - DESARROLLO\.m2\repository\org\mockito\mockito-junit-jupiter\4.5.1\mockito-junit-jupiter-4.5.1.jar;C:\Users\PC - DESARROLLO\.m2\repository\org\skyscreamer\jsonassert\1.5.0\jsonassert-1.5.0.jar;C:\Users\PC - DESARROLLO\.m2\repository\com\vaadin\external\google\android-json\0.0.20131108.vaadin1\android-json-0.0.20131108.vaadin1.jar;C:\Users\PC - DESARROLLO\.m2\repository\org\springframework\spring-core\5.3.20\spring-core-5.3.20.jar;C:\Users\PC - DESARROLLO\.m2\repository\org\springframework\spring-jcl\5.3.20\spring-jcl-5.3.20.jar;C:\Users\PC - DESARROLLO\.m2\repository\org\springframework\spring-test\5.3.20\spring-test-5.3.20.jar;C:\Users\PC - DESARROLLO\.m2\repository\org\xmlunit\xmlunit-core\2.9.0\xmlunit-core-2.9.0.jar;C:\Users\PC - DESARROLLO\.m2\repository\org\apache\camel\camel-test-spring-junit5\3.18.0\camel-test-spring-junit5-3.18.0.jar;C:\Users\PC - DESARROLLO\.m2\repository\org\apache\camel\camel-test-junit5\3.18.0\camel-test-junit5-3.18.0.jar;C:\Users\PC - DESARROLLO\.m2\repository\org\apache\camel\camel-core-languages\3.18.0\camel-core-languages-3.18.0.jar;C:\Users\PC - DESARROLLO\.m2\repository\org\apache\camel\camel-spring-xml\3.18.0\camel-spring-xml-3.18.0.jar;C:\Users\PC - DESARROLLO\.m2\repository\org\apache\camel\camel-xml-jaxb\3.18.0\camel-xml-jaxb-3.18.0.jar;C:\Users\PC - DESARROLLO\.m2\repository\com\sun\xml\bind\jaxb-core\2.3.0\jaxb-core-2.3.0.jar;C:\Users\PC - DESARROLLO\.m2\repository\com\sun\xml\bind\jaxb-impl\2.3.3\jaxb-impl-2.3.3.jar;C:\Users\PC - DESARROLLO\.m2\repository\com\sun\activation\jakarta.activation\1.2.2\jakarta.activation-1.2.2.jar;C:\Users\PC - DESARROLLO\.m2\repository\org\apache\camel\camel-core-xml\3.18.0\camel-core-xml-3.18.0.jar;C:\Users\PC - DESARROLLO\.m2\repository\javax\annotation\javax.annotation-api\1.3.2\javax.annotation-api-1.3.2.jar;C:\Users\PC - DESARROLLO\.m2\repository\org\apache\camel\springboot\camel-openapi-java-starter\3.18.0\camel-openapi-java-starter-3.18.0.jar;C:\Users\PC - DESARROLLO\.m2\repository\org\apache\camel\camel-openapi-java\3.18.0\camel-openapi-java-3.18.0.jar;C:\Users\PC - DESARROLLO\.m2\repository\com\fasterxml\jackson\core\jackson-annotations\2.13.3\jackson-annotations-2.13.3.jar;C:\Users\PC - DESARROLLO\.m2\repository\com\fasterxml\jackson\datatype\jackson-datatype-joda\2.13.3\jackson-datatype-joda-2.13.3.jar;C:\Users\PC - DESARROLLO\.m2\repository\joda-time\joda-time\2.10.8\joda-time-2.10.8.jar;C:\Users\PC - DESARROLLO\.m2\repository\com\fasterxml\jackson\dataformat\jackson-dataformat-yaml\2.13.3\jackson-dataformat-yaml-2.13.3.jar;C:\Users\PC - DESARROLLO\.m2\repository\com\fasterxml\jackson\jaxrs\jackson-jaxrs-json-provider\2.13.3\jackson-jaxrs-json-provider-2.13.3.jar;C:\Users\PC - DESARROLLO\.m2\repository\com\fasterxml\jackson\jaxrs\jackson-jaxrs-base\2.13.3\jackson-jaxrs-base-2.13.3.jar;C:\Users\PC - DESARROLLO\.m2\repository\com\fasterxml\jackson\module\jackson-module-jaxb-annotations\2.13.3\jackson-module-jaxb-annotations-2.13.3.jar;C:\Users\PC - DESARROLLO\.m2\repository\io\apicurio\apicurio-data-models\1.1.20\apicurio-data-models-1.1.20.jar;C:\Users\PC - DESARROLLO\.m2\repository\io\swagger\core\v3\swagger-core\2.1.13\swagger-core-2.1.13.jar;C:\Users\PC - DESARROLLO\.m2\repository\org\apache\commons\commons-lang3\3.12.0\commons-lang3-3.12.0.jar;C:\Users\PC - DESARROLLO\.m2\repository\io\swagger\core\v3\swagger-annotations\2.1.13\swagger-annotations-2.1.13.jar;C:\Users\PC - DESARROLLO\.m2\repository\jakarta\validation\jakarta.validation-api\2.0.2\jakarta.validation-api-2.0.2.jar;C:\Users\PC - DESARROLLO\.m2\repository\io\swagger\parser\v3\swagger-parser-v3\2.0.31\swagger-parser-v3-2.0.31.jar;C:\Users\PC - DESARROLLO\.m2\repository\io\swagger\core\v3\swagger-models\2.1.13\swagger-models-2.1.13.jar;C:\Users\PC - DESARROLLO\.m2\repository\io\swagger\parser\v3\swagger-parser-core\2.0.31\swagger-parser-core-2.0.31.jar;C:\Users\PC - DESARROLLO\.m2\repository\commons-io\commons-io\2.11.0\commons-io-2.11.0.jar;"/>
    <property name="sun.cpu.endian" value="little"/>
    <property name="user.home" value="C:\Users\PC - DESARROLLO"/>
    <property name="user.language" value="es"/>
    <property name="java.specification.vendor" value="Oracle Corporation"/>
    <property name="java.version.date" value="2023-10-17"/>
    <property name="java.home" value="C:\Program Files\Eclipse Adoptium\jdk-11.0.21.9-hotspot"/>
    <property name="file.separator" value="\"/>
    <property name="basedir" value="C:\Users\PC - DESARROLLO\Documents\personal\apachec"/>
    <property name="java.vm.compressedOopsMode" value="Zero based"/>
    <property name="line.separator" value="&#10;"/>
    <property name="java.specification.name" value="Java Platform API Specification"/>
    <property name="java.vm.specification.vendor" value="Oracle Corporation"/>
    <property name="FILE_LOG_CHARSET" value="windows-1252"/>
    <property name="java.awt.graphicsenv" value="sun.awt.Win32GraphicsEnvironment"/>
    <property name="java.awt.headless" value="true"/>
    <property name="surefire.real.class.path" value="C:\Users\PC - DESARROLLO\AppData\Local\Temp\surefire13038481148854757360\surefirebooter2613997917007928390.jar"/>
    <property name="user.script" value=""/>
    <property name="sun.management.compiler" value="HotSpot 64-Bit Tiered Compilers"/>
    <property name="java.runtime.version" value="11.0.21+9"/>
    <property name="user.name" value="PC - DESARROLLO"/>
    <property name="path.separator" value=";"/>
    <property name="os.version" value="10.0"/>
    <property name="java.runtime.name" value="OpenJDK Runtime Environment"/>
    <property name="file.encoding" value="Cp1252"/>
    <property name="spring.beaninfo.ignore" value="true"/>
    <property name="java.vm.name" value="OpenJDK 64-Bit Server VM"/>
    <property name="java.vendor.version" value="Temurin-11.0.21+9"/>
    <property name="localRepository" value="C:\Users\PC - DESARROLLO\.m2\repository"/>
    <property name="java.vendor.url.bug" value="https://github.com/adoptium/adoptium-support/issues"/>
    <property name="java.io.tmpdir" value="C:\Users\PC-DES~1\AppData\Local\Temp\"/>
    <property name="idea.version" value="2023.2.5"/>
    <property name="java.version" value="11.0.21"/>
    <property name="user.dir" value="C:\Users\PC - DESARROLLO\Documents\personal\apachec"/>
    <property name="os.arch" value="amd64"/>
    <property name="java.vm.specification.name" value="Java Virtual Machine Specification"/>
    <property name="PID" value="20764"/>
    <property name="java.awt.printerjob" value="sun.awt.windows.WPrinterJob"/>
    <property name="sun.os.patch.level" value=""/>
    <property name="CONSOLE_LOG_CHARSET" value="windows-1252"/>
    <property name="java.library.path" value="C:\Program Files\Eclipse Adoptium\jdk-11.0.21.9-hotspot\bin;C:\WINDOWS\Sun\Java\bin;C:\WINDOWS\system32;C:\WINDOWS;C:\Program Files\java\jdk-11.0.2\bin;C:\Program Files\Eclipse Adoptium\jdk-11.0.21.9-hotspot\bin;C:\Program Files (x86)\Intel\iCLS Client\;C:\Program Files\Intel\iCLS Client\;C:\WINDOWS\system32;C:\WINDOWS;C:\WINDOWS\System32\Wbem;C:\WINDOWS\System32\WindowsPowerShell\v1.0\;C:\WINDOWS\System32\OpenSSH\;C:\Program Files\dotnet\;C:\Program Files (x86)\Intel\Intel(R) Management Engine Components\DAL;C:\Program Files\Intel\Intel(R) Management Engine Components\DAL;C:\Program Files (x86)\Intel\Intel(R) Management Engine Components\IPT;C:\Program Files\Intel\Intel(R) Management Engine Components\IPT;C:\Program Files\maven\apache-maven-3.9.0-bin\apache-maven-3.9.0\bin;C:\Program Files\Git\cmd;C:\nvm;C:\Program Files\nodejs;C:\Users\PC - DESARROLLO\Documents\nvm;;C:\Program Files\Docker\Docker\resources\bin;C:\Users\PC - DESARROLLO\AppData\Local\Microsoft\WindowsApps;C:\Users\PC - DESARROLLO\AppData\Local\Programs\Microsoft VS Code\bin;C:\Users\PC - DESARROLLO\AppData\Roaming\npm;C:\ProgramData\PC - DESARROLLO\GitHubDesktop\bin;C:\nvm;C:\Program Files\nodejs;C:\Program Files\JetBrains\DataGrip 2023.1.2\bin;;;C:\Program Files\JetBrains\IntelliJ IDEA 2023.2.5\bin;;."/>
    <property name="java.vm.info" value="mixed mode"/>
    <property name="java.vendor" value="Eclipse Adoptium"/>
    <property name="java.vm.version" value="11.0.21+9"/>
    <property name="java.specification.maintenance.version" value="2"/>
    <property name="sun.io.unicode.encoding" value="UnicodeLittle"/>
    <property name="java.class.version" value="55.0"/>
  </properties>
  <testcase name="test" classname="com.apachec.MySpringBootApplicationTest" time="0.916">
    <error type="org.apache.camel.FailedToStartRouteException"><![CDATA[org.apache.camel.FailedToStartRouteException: Failed to start route route1 because of null
Caused by: org.apache.camel.NoSuchBeanException: No bean could be found in the registry for: servlet of type: org.apache.camel.spi.RestApiConsumerFactory
]]></error>
    <system-out><![CDATA[12:11:04.812 [main] DEBUG org.springframework.test.context.BootstrapUtils - Instantiating CacheAwareContextLoaderDelegate from class [org.springframework.test.context.cache.DefaultCacheAwareContextLoaderDelegate]
12:11:04.822 [main] DEBUG org.springframework.test.context.BootstrapUtils - Instantiating BootstrapContext using constructor [public org.springframework.test.context.support.DefaultBootstrapContext(java.lang.Class,org.springframework.test.context.CacheAwareContextLoaderDelegate)]
12:11:04.863 [main] DEBUG org.springframework.test.context.BootstrapUtils - Instantiating TestContextBootstrapper for test class [com.apachec.MySpringBootApplicationTest] from class [org.springframework.boot.test.context.SpringBootTestContextBootstrapper]
12:11:04.876 [main] INFO org.springframework.boot.test.context.SpringBootTestContextBootstrapper - Neither @ContextConfiguration nor @ContextHierarchy found for test class [com.apachec.MySpringBootApplicationTest], using SpringBootContextLoader
12:11:04.881 [main] DEBUG org.springframework.test.context.support.AbstractContextLoader - Did not detect default resource location for test class [com.apachec.MySpringBootApplicationTest]: class path resource [com/apachec/MySpringBootApplicationTest-context.xml] does not exist
12:11:04.882 [main] DEBUG org.springframework.test.context.support.AbstractContextLoader - Did not detect default resource location for test class [com.apachec.MySpringBootApplicationTest]: class path resource [com/apachec/MySpringBootApplicationTestContext.groovy] does not exist
12:11:04.883 [main] INFO org.springframework.test.context.support.AbstractContextLoader - Could not detect default resource locations for test class [com.apachec.MySpringBootApplicationTest]: no resource found for suffixes {-context.xml, Context.groovy}.
12:11:04.883 [main] INFO org.springframework.test.context.support.AnnotationConfigContextLoaderUtils - Could not detect default configuration classes for test class [com.apachec.MySpringBootApplicationTest]: MySpringBootApplicationTest does not declare any static, non-private, non-final, nested classes annotated with @Configuration.
12:11:04.946 [main] DEBUG org.springframework.test.context.support.ActiveProfilesUtils - Could not find an 'annotation declaring class' for annotation type [org.springframework.test.context.ActiveProfiles] and class [com.apachec.MySpringBootApplicationTest]
12:11:05.054 [main] DEBUG org.springframework.context.annotation.ClassPathScanningCandidateComponentProvider - Identified candidate component class: file [C:\Users\PC - DESARROLLO\Documents\personal\apachec\target\classes\com\apachec\MySpringBootApplication.class]
12:11:05.056 [main] INFO org.springframework.boot.test.context.SpringBootTestContextBootstrapper - Found @SpringBootConfiguration com.apachec.MySpringBootApplication for test class com.apachec.MySpringBootApplicationTest
12:11:05.213 [main] DEBUG org.springframework.boot.test.context.SpringBootTestContextBootstrapper - Merging default listeners with listeners configured via @TestExecutionListeners for class [com.apachec.MySpringBootApplicationTest].
12:11:05.213 [main] INFO org.springframework.boot.test.context.SpringBootTestContextBootstrapper - Loaded default TestExecutionListener class names from location [META-INF/spring.factories]: [org.springframework.boot.test.mock.mockito.MockitoTestExecutionListener, org.springframework.boot.test.mock.mockito.ResetMocksTestExecutionListener, org.springframework.boot.test.autoconfigure.restdocs.RestDocsTestExecutionListener, org.springframework.boot.test.autoconfigure.web.client.MockRestServiceServerResetTestExecutionListener, org.springframework.boot.test.autoconfigure.web.servlet.MockMvcPrintOnlyOnFailureTestExecutionListener, org.springframework.boot.test.autoconfigure.web.servlet.WebDriverTestExecutionListener, org.springframework.boot.test.autoconfigure.webservices.client.MockWebServiceServerTestExecutionListener, org.springframework.test.context.web.ServletTestExecutionListener, org.springframework.test.context.support.DirtiesContextBeforeModesTestExecutionListener, org.springframework.test.context.event.ApplicationEventsTestExecutionListener, org.springframework.test.context.support.DependencyInjectionTestExecutionListener, org.springframework.test.context.support.DirtiesContextTestExecutionListener, org.springframework.test.context.transaction.TransactionalTestExecutionListener, org.springframework.test.context.jdbc.SqlScriptsTestExecutionListener, org.springframework.test.context.event.EventPublishingTestExecutionListener]
12:11:05.239 [main] INFO org.springframework.boot.test.context.SpringBootTestContextBootstrapper - Using TestExecutionListeners: [org.apache.camel.test.spring.junit5.CamelSpringTestContextLoaderTestExecutionListener@6273c5a4, org.apache.camel.test.spring.junit5.CamelSpringBootExecutionListener@5d465e4b, org.apache.camel.test.spring.junit5.StopWatchTestExecutionListener@53e211ee, org.springframework.test.context.web.ServletTestExecutionListener@41a90fa8, org.springframework.test.context.support.DirtiesContextBeforeModesTestExecutionListener@3d8bbcdc, org.springframework.test.context.event.ApplicationEventsTestExecutionListener@52500920, org.springframework.boot.test.mock.mockito.MockitoTestExecutionListener@117e0fe5, org.springframework.boot.test.autoconfigure.SpringBootDependencyInjectionTestExecutionListener@18a3962d, org.springframework.test.context.support.DirtiesContextTestExecutionListener@78aea4b9, org.springframework.test.context.transaction.TransactionalTestExecutionListener@2a65bb85, org.springframework.test.context.jdbc.SqlScriptsTestExecutionListener@4b85880b, org.springframework.test.context.event.EventPublishingTestExecutionListener@4f936da8, org.springframework.boot.test.mock.mockito.ResetMocksTestExecutionListener@4215838f, org.springframework.boot.test.autoconfigure.restdocs.RestDocsTestExecutionListener@452ba1db, org.springframework.boot.test.autoconfigure.web.client.MockRestServiceServerResetTestExecutionListener@2289aca5, org.springframework.boot.test.autoconfigure.web.servlet.MockMvcPrintOnlyOnFailureTestExecutionListener@76a36b71, org.springframework.boot.test.autoconfigure.web.servlet.WebDriverTestExecutionListener@184497d1, org.springframework.boot.test.autoconfigure.webservices.client.MockWebServiceServerTestExecutionListener@f9d87b]
12:11:05.294 [main] DEBUG org.springframework.test.context.support.AbstractDirtiesContextTestExecutionListener - Before test class: context [DefaultTestContext@66971f6b testClass = MySpringBootApplicationTest, testInstance = [null], testMethod = [null], testException = [null], mergedContextConfiguration = [WebMergedContextConfiguration@50687efb testClass = MySpringBootApplicationTest, locations = '{}', classes = '{class com.apachec.MySpringBootApplication}', contextInitializerClasses = '[]', activeProfiles = '{}', propertySourceLocations = '{}', propertySourceProperties = '{org.springframework.boot.test.context.SpringBootTestContextBootstrapper=true}', contextCustomizers = set[org.springframework.boot.test.context.filter.ExcludeFilterContextCustomizer@4b23c30a, org.springframework.boot.test.json.DuplicateJsonObjectContextCustomizerFactory$DuplicateJsonObjectContextCustomizer@4f0100a7, org.springframework.boot.test.mock.mockito.MockitoContextCustomizer@0, org.springframework.boot.test.web.client.TestRestTemplateContextCustomizer@22f31dec, org.springframework.boot.test.autoconfigure.actuate.metrics.MetricsExportContextCustomizerFactory$DisableMetricExportContextCustomizer@49ff7d8c, org.springframework.boot.test.autoconfigure.properties.PropertyMappingContextCustomizer@0, org.springframework.boot.test.autoconfigure.web.servlet.WebDriverContextCustomizerFactory$Customizer@554e218, org.springframework.boot.test.context.SpringBootTestArgs@1, org.springframework.boot.test.context.SpringBootTestWebEnvironment@bcec361], resourceBasePath = 'src/main/webapp', contextLoader = 'org.springframework.boot.test.context.SpringBootContextLoader', parent = [null]], attributes = map['org.springframework.test.context.web.ServletTestExecutionListener.activateListener' -> true]], class annotated with @DirtiesContext [false] with mode [null].
12:11:05.314 [main] INFO org.apache.camel.test.spring.junit5.CamelSpringBootExecutionListener - CamelSpringBootExecutionListener preparing: class com.apachec.MySpringBootApplicationTest
12:11:05.320 [main] INFO org.apache.camel.test.spring.junit5.CamelAnnotationsHandler - Disabling Camel JMX globally for tests by default.  Use the DisableJMX annotation to override the default setting.

  .   ____          _            __ _ _
 /\\ / ___'_ __ _ _(_)_ __  __ _ \ \ \ \
( ( )\___ | '_ | '_| | '_ \/ _` | \ \ \ \
 \\/  ___)| |_)| | | | | || (_| |  ) ) ) )
  '  |____| .__|_| |_|_| |_\__, | / / / /
 =========|_|==============|___/=/_/_/_/
 :: Spring Boot ::                (v2.7.0)

2024-02-01 12:11:05.750  INFO 20764 --- [           main] com.apachec.MySpringBootApplicationTest  : Starting MySpringBootApplicationTest using Java 11.0.21 on 1-03-1-DGIP-01 with PID 20764 (started by PC - DESARROLLO in C:\Users\PC - DESARROLLO\Documents\personal\apachec)
2024-02-01 12:11:05.752  INFO 20764 --- [           main] com.apachec.MySpringBootApplicationTest  : No active profile set, falling back to 1 default profile: "default"
2024-02-01 12:11:10.387  INFO 20764 --- [           main] o.s.b.a.e.web.EndpointLinksResolver      : Exposing 3 endpoint(s) beneath base path '/actuator'
2024-02-01 12:11:10.623  INFO 20764 --- [           main] com.apachec.MySpringBootApplicationTest  : Started MySpringBootApplicationTest in 5.254 seconds (JVM running for 6.751)
2024-02-01 12:11:10.632  INFO 20764 --- [           main] o.a.c.t.s.j.CamelAnnotationsHandler      : Setting shutdown timeout to [10 SECONDS] on CamelContext with name [camelContext].
2024-02-01 12:11:10.735  INFO 20764 --- [           main] c.t.s.j.CamelSpringBootExecutionListener : CamelSpringBootExecutionListener before: class com.apachec.MySpringBootApplicationTest.test
2024-02-01 12:11:10.735  INFO 20764 --- [           main] c.t.s.j.CamelSpringBootExecutionListener : Initialized CamelSpringBootExecutionListener now ready to start CamelContext
2024-02-01 12:11:10.737  INFO 20764 --- [           main] o.a.c.t.s.j.CamelAnnotationsHandler      : Starting CamelContext with name [camelContext].
2024-02-01 12:11:11.080  WARN 20764 --- [           main] o.s.test.context.TestContextManager      : Caught exception while invoking 'beforeTestMethod' callback on TestExecutionListener [org.apache.camel.test.spring.junit5.CamelSpringBootExecutionListener@5d465e4b] for test method [public void com.apachec.MySpringBootApplicationTest.test() throws java.lang.Exception] and test instance [com.apachec.MySpringBootApplicationTest@7672960e]

org.apache.camel.FailedToStartRouteException: Failed to start route route1 because of null
	at org.apache.camel.impl.engine.RouteService.setUp(RouteService.java:132) ~[camel-base-engine-3.18.0.jar:3.18.0]
	at org.apache.camel.impl.engine.InternalRouteStartupManager.doInitRoutes(InternalRouteStartupManager.java:92) ~[camel-base-engine-3.18.0.jar:3.18.0]
	at org.apache.camel.impl.engine.AbstractCamelContext.doInit(AbstractCamelContext.java:2949) ~[camel-base-engine-3.18.0.jar:3.18.0]
	at org.apache.camel.support.service.BaseService.init(BaseService.java:83) ~[camel-api-3.18.0.jar:3.18.0]
	at org.apache.camel.impl.engine.AbstractCamelContext.init(AbstractCamelContext.java:2630) ~[camel-base-engine-3.18.0.jar:3.18.0]
	at org.apache.camel.support.service.BaseService.start(BaseService.java:111) ~[camel-api-3.18.0.jar:3.18.0]
	at org.apache.camel.impl.engine.AbstractCamelContext.start(AbstractCamelContext.java:2649) ~[camel-base-engine-3.18.0.jar:3.18.0]
	at org.apache.camel.impl.DefaultCamelContext.start(DefaultCamelContext.java:262) ~[camel-core-engine-3.18.0.jar:3.18.0]
	at org.apache.camel.spring.SpringCamelContext.start(SpringCamelContext.java:119) ~[camel-spring-3.18.0.jar:3.18.0]
	at org.apache.camel.test.spring.junit5.CamelAnnotationsHandler$8.execute(CamelAnnotationsHandler.java:407) ~[camel-test-spring-junit5-3.18.0.jar:3.18.0]
	at org.apache.camel.test.spring.junit5.CamelSpringTestHelper.doToSpringCamelContexts(CamelSpringTestHelper.java:108) ~[camel-test-spring-junit5-3.18.0.jar:3.18.0]
	at org.apache.camel.test.spring.junit5.CamelAnnotationsHandler.handleCamelContextStartup(CamelAnnotationsHandler.java:400) ~[camel-test-spring-junit5-3.18.0.jar:3.18.0]
	at org.apache.camel.test.spring.junit5.CamelSpringBootExecutionListener.beforeTestMethod(CamelSpringBootExecutionListener.java:105) ~[camel-test-spring-junit5-3.18.0.jar:3.18.0]
	at org.springframework.test.context.TestContextManager.beforeTestMethod(TestContextManager.java:293) ~[spring-test-5.3.20.jar:5.3.20]
	at org.springframework.test.context.junit.jupiter.SpringExtension.beforeEach(SpringExtension.java:174) ~[spring-test-5.3.20.jar:5.3.20]
	at org.junit.jupiter.engine.descriptor.TestMethodTestDescriptor.lambda$invokeBeforeEachCallbacks$2(TestMethodTestDescriptor.java:163) ~[junit-jupiter-engine-5.8.2.jar:5.8.2]
	at org.junit.jupiter.engine.descriptor.TestMethodTestDescriptor.lambda$invokeBeforeMethodsOrCallbacksUntilExceptionOccurs$6(TestMethodTestDescriptor.java:199) ~[junit-jupiter-engine-5.8.2.jar:5.8.2]
	at org.junit.platform.engine.support.hierarchical.ThrowableCollector.execute(ThrowableCollector.java:73) ~[junit-platform-engine-1.8.2.jar:1.8.2]
	at org.junit.jupiter.engine.descriptor.TestMethodTestDescriptor.invokeBeforeMethodsOrCallbacksUntilExceptionOccurs(TestMethodTestDescriptor.java:199) ~[junit-jupiter-engine-5.8.2.jar:5.8.2]
	at org.junit.jupiter.engine.descriptor.TestMethodTestDescriptor.invokeBeforeEachCallbacks(TestMethodTestDescriptor.java:162) ~[junit-jupiter-engine-5.8.2.jar:5.8.2]
	at org.junit.jupiter.engine.descriptor.TestMethodTestDescriptor.execute(TestMethodTestDescriptor.java:129) ~[junit-jupiter-engine-5.8.2.jar:5.8.2]
	at org.junit.jupiter.engine.descriptor.TestMethodTestDescriptor.execute(TestMethodTestDescriptor.java:66) ~[junit-jupiter-engine-5.8.2.jar:5.8.2]
	at org.junit.platform.engine.support.hierarchical.NodeTestTask.lambda$executeRecursively$6(NodeTestTask.java:151) ~[junit-platform-engine-1.8.2.jar:1.8.2]
	at org.junit.platform.engine.support.hierarchical.ThrowableCollector.execute(ThrowableCollector.java:73) ~[junit-platform-engine-1.8.2.jar:1.8.2]
	at org.junit.platform.engine.support.hierarchical.NodeTestTask.lambda$executeRecursively$8(NodeTestTask.java:141) ~[junit-platform-engine-1.8.2.jar:1.8.2]
	at org.junit.platform.engine.support.hierarchical.Node.around(Node.java:137) ~[junit-platform-engine-1.8.2.jar:1.8.2]
	at org.junit.platform.engine.support.hierarchical.NodeTestTask.lambda$executeRecursively$9(NodeTestTask.java:139) ~[junit-platform-engine-1.8.2.jar:1.8.2]
	at org.junit.platform.engine.support.hierarchical.ThrowableCollector.execute(ThrowableCollector.java:73) ~[junit-platform-engine-1.8.2.jar:1.8.2]
	at org.junit.platform.engine.support.hierarchical.NodeTestTask.executeRecursively(NodeTestTask.java:138) ~[junit-platform-engine-1.8.2.jar:1.8.2]
	at org.junit.platform.engine.support.hierarchical.NodeTestTask.execute(NodeTestTask.java:95) ~[junit-platform-engine-1.8.2.jar:1.8.2]
	at java.base/java.util.ArrayList.forEach(ArrayList.java:1541) ~[na:na]
	at org.junit.platform.engine.support.hierarchical.SameThreadHierarchicalTestExecutorService.invokeAll(SameThreadHierarchicalTestExecutorService.java:41) ~[junit-platform-engine-1.8.2.jar:1.8.2]
	at org.junit.platform.engine.support.hierarchical.NodeTestTask.lambda$executeRecursively$6(NodeTestTask.java:155) ~[junit-platform-engine-1.8.2.jar:1.8.2]
	at org.junit.platform.engine.support.hierarchical.ThrowableCollector.execute(ThrowableCollector.java:73) ~[junit-platform-engine-1.8.2.jar:1.8.2]
	at org.junit.platform.engine.support.hierarchical.NodeTestTask.lambda$executeRecursively$8(NodeTestTask.java:141) ~[junit-platform-engine-1.8.2.jar:1.8.2]
	at org.junit.platform.engine.support.hierarchical.Node.around(Node.java:137) ~[junit-platform-engine-1.8.2.jar:1.8.2]
	at org.junit.platform.engine.support.hierarchical.NodeTestTask.lambda$executeRecursively$9(NodeTestTask.java:139) ~[junit-platform-engine-1.8.2.jar:1.8.2]
	at org.junit.platform.engine.support.hierarchical.ThrowableCollector.execute(ThrowableCollector.java:73) ~[junit-platform-engine-1.8.2.jar:1.8.2]
	at org.junit.platform.engine.support.hierarchical.NodeTestTask.executeRecursively(NodeTestTask.java:138) ~[junit-platform-engine-1.8.2.jar:1.8.2]
	at org.junit.platform.engine.support.hierarchical.NodeTestTask.execute(NodeTestTask.java:95) ~[junit-platform-engine-1.8.2.jar:1.8.2]
	at java.base/java.util.ArrayList.forEach(ArrayList.java:1541) ~[na:na]
	at org.junit.platform.engine.support.hierarchical.SameThreadHierarchicalTestExecutorService.invokeAll(SameThreadHierarchicalTestExecutorService.java:41) ~[junit-platform-engine-1.8.2.jar:1.8.2]
	at org.junit.platform.engine.support.hierarchical.NodeTestTask.lambda$executeRecursively$6(NodeTestTask.java:155) ~[junit-platform-engine-1.8.2.jar:1.8.2]
	at org.junit.platform.engine.support.hierarchical.ThrowableCollector.execute(ThrowableCollector.java:73) ~[junit-platform-engine-1.8.2.jar:1.8.2]
	at org.junit.platform.engine.support.hierarchical.NodeTestTask.lambda$executeRecursively$8(NodeTestTask.java:141) ~[junit-platform-engine-1.8.2.jar:1.8.2]
	at org.junit.platform.engine.support.hierarchical.Node.around(Node.java:137) ~[junit-platform-engine-1.8.2.jar:1.8.2]
	at org.junit.platform.engine.support.hierarchical.NodeTestTask.lambda$executeRecursively$9(NodeTestTask.java:139) ~[junit-platform-engine-1.8.2.jar:1.8.2]
	at org.junit.platform.engine.support.hierarchical.ThrowableCollector.execute(ThrowableCollector.java:73) ~[junit-platform-engine-1.8.2.jar:1.8.2]
	at org.junit.platform.engine.support.hierarchical.NodeTestTask.executeRecursively(NodeTestTask.java:138) ~[junit-platform-engine-1.8.2.jar:1.8.2]
	at org.junit.platform.engine.support.hierarchical.NodeTestTask.execute(NodeTestTask.java:95) ~[junit-platform-engine-1.8.2.jar:1.8.2]
	at org.junit.platform.engine.support.hierarchical.SameThreadHierarchicalTestExecutorService.submit(SameThreadHierarchicalTestExecutorService.java:35) ~[junit-platform-engine-1.8.2.jar:1.8.2]
	at org.junit.platform.engine.support.hierarchical.HierarchicalTestExecutor.execute(HierarchicalTestExecutor.java:57) ~[junit-platform-engine-1.8.2.jar:1.8.2]
	at org.junit.platform.engine.support.hierarchical.HierarchicalTestEngine.execute(HierarchicalTestEngine.java:54) ~[junit-platform-engine-1.8.2.jar:1.8.2]
	at org.junit.platform.launcher.core.EngineExecutionOrchestrator.execute(EngineExecutionOrchestrator.java:107) ~[junit-platform-launcher-1.8.2.jar:1.8.2]
	at org.junit.platform.launcher.core.EngineExecutionOrchestrator.execute(EngineExecutionOrchestrator.java:88) ~[junit-platform-launcher-1.8.2.jar:1.8.2]
	at org.junit.platform.launcher.core.EngineExecutionOrchestrator.lambda$execute$0(EngineExecutionOrchestrator.java:54) ~[junit-platform-launcher-1.8.2.jar:1.8.2]
	at org.junit.platform.launcher.core.EngineExecutionOrchestrator.withInterceptedStreams(EngineExecutionOrchestrator.java:67) ~[junit-platform-launcher-1.8.2.jar:1.8.2]
	at org.junit.platform.launcher.core.EngineExecutionOrchestrator.execute(EngineExecutionOrchestrator.java:52) ~[junit-platform-launcher-1.8.2.jar:1.8.2]
	at org.junit.platform.launcher.core.DefaultLauncher.execute(DefaultLauncher.java:114) ~[junit-platform-launcher-1.8.2.jar:1.8.2]
	at org.junit.platform.launcher.core.DefaultLauncher.execute(DefaultLauncher.java:86) ~[junit-platform-launcher-1.8.2.jar:1.8.2]
	at org.junit.platform.launcher.core.DefaultLauncherSession$DelegatingLauncher.execute(DefaultLauncherSession.java:86) ~[junit-platform-launcher-1.8.2.jar:1.8.2]
	at org.junit.platform.launcher.core.SessionPerRequestLauncher.execute(SessionPerRequestLauncher.java:53) ~[junit-platform-launcher-1.8.2.jar:1.8.2]
	at org.apache.maven.surefire.junitplatform.JUnitPlatformProvider.invokeAllTests(JUnitPlatformProvider.java:154) ~[surefire-junit-platform-3.0.0-M4.jar:3.0.0-M4]
	at org.apache.maven.surefire.junitplatform.JUnitPlatformProvider.invoke(JUnitPlatformProvider.java:127) ~[surefire-junit-platform-3.0.0-M4.jar:3.0.0-M4]
	at org.apache.maven.surefire.booter.ForkedBooter.runSuitesInProcess(ForkedBooter.java:377) ~[surefire-booter-3.0.0-M4.jar:3.0.0-M4]
	at org.apache.maven.surefire.booter.ForkedBooter.execute(ForkedBooter.java:138) ~[surefire-booter-3.0.0-M4.jar:3.0.0-M4]
	at org.apache.maven.surefire.booter.ForkedBooter.run(ForkedBooter.java:465) ~[surefire-booter-3.0.0-M4.jar:3.0.0-M4]
	at org.apache.maven.surefire.booter.ForkedBooter.main(ForkedBooter.java:451) ~[surefire-booter-3.0.0-M4.jar:3.0.0-M4]
Caused by: org.apache.camel.NoSuchBeanException: No bean could be found in the registry for: servlet of type: org.apache.camel.spi.RestApiConsumerFactory
	at org.apache.camel.component.rest.RestApiEndpoint.createConsumer(RestApiEndpoint.java:220) ~[camel-rest-3.18.0.jar:3.18.0]
	at org.apache.camel.impl.engine.DefaultRoute.gatherRootServices(DefaultRoute.java:636) ~[camel-base-engine-3.18.0.jar:3.18.0]
	at org.apache.camel.impl.engine.DefaultRoute.gatherServices(DefaultRoute.java:620) ~[camel-base-engine-3.18.0.jar:3.18.0]
	at org.apache.camel.impl.engine.DefaultRoute.initializeServices(DefaultRoute.java:205) ~[camel-base-engine-3.18.0.jar:3.18.0]
	at org.apache.camel.impl.engine.RouteService.doSetup(RouteService.java:151) ~[camel-base-engine-3.18.0.jar:3.18.0]
	at org.apache.camel.impl.engine.RouteService.setUp(RouteService.java:130) ~[camel-base-engine-3.18.0.jar:3.18.0]
	... 67 common frames omitted

2024-02-01 12:11:11.638  INFO 20764 --- [           main] c.t.s.j.CamelSpringBootExecutionListener : CamelSpringBootExecutionListener after: class com.apachec.MySpringBootApplicationTest.test
]]></system-out>
  </testcase>
</testsuite>